{"total": {"lines":{"total":352,"covered":282,"skipped":0,"pct":80.11},"statements":{"total":395,"covered":317,"skipped":0,"pct":80.25},"functions":{"total":80,"covered":61,"skipped":0,"pct":76.25},"branches":{"total":216,"covered":165,"skipped":0,"pct":76.38},"branchesTrue":{"total":0,"covered":0,"skipped":0,"pct":100}}
,"/home/runner/workspace/artifacts/api-server/src/runtime/dependencyResolverV2.ts": {"lines":{"total":139,"covered":121,"skipped":0,"pct":87.05},"functions":{"total":37,"covered":31,"skipped":0,"pct":83.78},"statements":{"total":169,"covered":144,"skipped":0,"pct":85.2},"branches":{"total":81,"covered":55,"skipped":0,"pct":67.9}}
,"/home/runner/workspace/artifacts/api-server/src/runtime/errorClassifier.ts": {"lines":{"total":57,"covered":53,"skipped":0,"pct":92.98},"functions":{"total":5,"covered":5,"skipped":0,"pct":100},"statements":{"total":63,"covered":59,"skipped":0,"pct":93.65},"branches":{"total":47,"covered":39,"skipped":0,"pct":82.97}}
,"/home/runner/workspace/artifacts/api-server/src/runtime/security/packageScanner.ts": {"lines":{"total":52,"covered":49,"skipped":0,"pct":94.23},"functions":{"total":9,"covered":6,"skipped":0,"pct":66.66},"statements":{"total":54,"covered":51,"skipped":0,"pct":94.44},"branches":{"total":44,"covered":41,"skipped":0,"pct":93.18}}
,"/home/runner/workspace/artifacts/api-server/src/security/authMiddleware.ts": {"lines":{"total":14,"covered":7,"skipped":0,"pct":50},"functions":{"total":1,"covered":1,"skipped":0,"pct":100},"statements":{"total":14,"covered":7,"skipped":0,"pct":50},"branches":{"total":8,"covered":2,"skipped":0,"pct":25}}
,"/home/runner/workspace/artifacts/api-server/src/security/corsConfig.ts": {"lines":{"total":15,"covered":15,"skipped":0,"pct":100},"functions":{"total":5,"covered":5,"skipped":0,"pct":100},"statements":{"total":19,"covered":19,"skipped":0,"pct":100},"branches":{"total":10,"covered":10,"skipped":0,"pct":100}}
,"/home/runner/workspace/artifacts/api-server/src/security/rateLimiter.ts": {"lines":{"total":20,"covered":4,"skipped":0,"pct":20},"functions":{"total":6,"covered":1,"skipped":0,"pct":16.66},"statements":{"total":20,"covered":4,"skipped":0,"pct":20},"branches":{"total":12,"covered":12,"skipped":0,"pct":100}}
,"/home/runner/workspace/artifacts/api-server/src/security/securityMetrics.ts": {"lines":{"total":9,"covered":9,"skipped":0,"pct":100},"functions":{"total":7,"covered":7,"skipped":0,"pct":100},"statements":{"total":9,"covered":9,"skipped":0,"pct":100},"branches":{"total":0,"covered":0,"skipped":0,"pct":100}}
,"/home/runner/workspace/artifacts/api-server/src/security/workspaceCleanup.ts": {"lines":{"total":46,"covered":24,"skipped":0,"pct":52.17},"functions":{"total":10,"covered":5,"skipped":0,"pct":50},"statements":{"total":47,"covered":24,"skipped":0,"pct":51.06},"branches":{"total":14,"covered":6,"skipped":0,"pct":42.85}}
}
